Log file open, 05/20/19 22:32:58
LogWindows: Failed to load 'aqProf.dll' (GetLastError=126)
LogWindows: File 'aqProf.dll' does not exist
LogWindows: Failed to load 'VtuneApi.dll' (GetLastError=126)
LogWindows: File 'VtuneApi.dll' does not exist
LogWindows: Failed to load 'VtuneApi32e.dll' (GetLastError=126)
LogWindows: File 'VtuneApi32e.dll' does not exist
LogConsoleResponse: Display: Failed to find resolution value strings in scalability ini. Falling back to default.
LogInit: Display: Running engine for game: GitHubProject
LogPakFile: Registered encryption key '00000000000000000000000000000000': 0 pak files mounted, 0 remain pending
LogPlatformFile: Not using cached read wrapper
LogTaskGraph: Started task graph with 5 named threads and 23 total threads with 3 sets of task threads.
LogStats: Stats thread started at 0.335529
LogD3D11RHI: Loaded GFSDK_Aftermath_Lib.x64.dll
LogICUInternationalization: ICU TimeZone Detection - Raw Offset: -7:00, Platform Override: ''
LogPluginManager: Mounting plugin Paper2D
LogPluginManager: Mounting plugin AISupport
LogPluginManager: Mounting plugin LightPropagationVolume
LogPluginManager: Mounting plugin ActorLayerUtilities
LogPluginManager: Mounting plugin CLionSourceCodeAccess
LogPluginManager: Mounting plugin CodeLiteSourceCodeAccess
LogPluginManager: Mounting plugin GitSourceControl
LogPluginManager: Mounting plugin KDevelopSourceCodeAccess
LogPluginManager: Mounting plugin NullSourceCodeAccess
LogPluginManager: Mounting plugin PerforceSourceControl
LogPluginManager: Mounting plugin SubversionSourceControl
LogPluginManager: Mounting plugin UObjectPlugin
LogPluginManager: Mounting plugin VisualStudioCodeSourceCodeAccess
LogPluginManager: Mounting plugin VisualStudioSourceCodeAccess
LogPluginManager: Mounting plugin XCodeSourceCodeAccess
LogPluginManager: Mounting plugin AssetManagerEditor
LogPluginManager: Mounting plugin CryptoKeys
LogPluginManager: Mounting plugin DataValidation
LogPluginManager: Mounting plugin FacialAnimation
LogPluginManager: Mounting plugin GameplayTagsEditor
LogPluginManager: Mounting plugin MacGraphicsSwitching
LogPluginManager: Mounting plugin MeshEditor
LogPluginManager: Mounting plugin MobileLauncherProfileWizard
LogPluginManager: Mounting plugin PluginBrowser
LogPluginManager: Mounting plugin SpeedTreeImporter
LogPluginManager: Mounting plugin DatasmithContent
LogPluginManager: Mounting plugin VariantManagerContent
LogPluginManager: Mounting plugin AlembicImporter
LogPluginManager: Mounting plugin AppleImageUtils
LogPluginManager: Mounting plugin AppleVision
LogPluginManager: Mounting plugin BackChannel
LogPluginManager: Mounting plugin CharacterAI
LogPluginManager: Mounting plugin GeometryCache
LogPluginManager: Mounting plugin HTML5Networking
LogPluginManager: Mounting plugin ProxyLODPlugin
LogPluginManager: Mounting plugin MagicLeap
LogPluginManager: Mounting plugin MagicLeapMedia
LogPluginManager: Mounting plugin AndroidMedia
LogPluginManager: Mounting plugin AvfMedia
LogPluginManager: Mounting plugin ImgMedia
LogPluginManager: Mounting plugin LinearTimecode
LogPluginManager: Mounting plugin MediaCompositing
LogPluginManager: Mounting plugin MediaPlayerEditor
LogPluginManager: Mounting plugin WebMMedia
LogPluginManager: Mounting plugin WmfMedia
LogPluginManager: Mounting plugin TcpMessaging
LogPluginManager: Mounting plugin UdpMessaging
LogPluginManager: Mounting plugin ActorSequence
LogPluginManager: Mounting plugin LevelSequenceEditor
LogPluginManager: Mounting plugin MatineeToLevelSequence
LogPluginManager: Mounting plugin NetcodeUnitTest
LogPluginManager: Mounting plugin NUTUnrealEngine4
LogPluginManager: Mounting plugin OnlineSubsystemGooglePlay
LogPluginManager: Mounting plugin OnlineSubsystemIOS
LogPluginManager: Mounting plugin OnlineSubsystem
LogPluginManager: Mounting plugin OnlineSubsystemNull
LogPluginManager: Mounting plugin OnlineSubsystemUtils
LogPluginManager: Mounting plugin LauncherChunkInstaller
LogPluginManager: Mounting plugin AndroidDeviceProfileSelector
LogPluginManager: Mounting plugin AndroidMoviePlayer
LogPluginManager: Mounting plugin AndroidPermission
LogPluginManager: Mounting plugin AppleMoviePlayer
LogPluginManager: Mounting plugin ArchVisCharacter
LogPluginManager: Mounting plugin AudioCapture
LogPluginManager: Mounting plugin CableComponent
LogPluginManager: Mounting plugin CustomMeshComponent
LogPluginManager: Mounting plugin EditableMesh
LogPluginManager: Mounting plugin ExampleDeviceProfileSelector
LogPluginManager: Mounting plugin Firebase
LogPluginManager: Mounting plugin GoogleCloudMessaging
LogPluginManager: Mounting plugin IOSDeviceProfileSelector
LogPluginManager: Mounting plugin LinuxDeviceProfileSelector
LogPluginManager: Mounting plugin LocationServicesBPLibrary
LogPluginManager: Mounting plugin MobilePatchingUtils
LogPluginManager: Mounting plugin OculusVR
LogPluginManager: Mounting plugin PhysXVehicles
LogPluginManager: Mounting plugin ProceduralMeshComponent
LogPluginManager: Mounting plugin RuntimePhysXCooking
LogPluginManager: Mounting plugin SteamVR
LogPluginManager: Mounting plugin WebMMoviePlayer
LogPluginManager: Mounting plugin WindowsMoviePlayer
LogStreaming: Display: Took  0.080s to configure plugins.
LogInit: Using libcurl 7.55.1-DEV
LogInit:  - built for x86_64-pc-win32
LogInit:  - supports SSL with OpenSSL/1.0.2h
LogInit:  - supports HTTP deflate (compression) using libz 1.2.8
LogInit:  - other features:
LogInit:      CURL_VERSION_SSL
LogInit:      CURL_VERSION_LIBZ
LogInit:      CURL_VERSION_IPV6
LogInit:      CURL_VERSION_ASYNCHDNS
LogInit:      CURL_VERSION_LARGEFILE
LogInit:      CURL_VERSION_IDN
LogInit:  CurlRequestOptions (configurable via config and command line):
LogInit:  - bVerifyPeer = true  - Libcurl will verify peer certificate
LogInit:  - bUseHttpProxy = false  - Libcurl will NOT use HTTP proxy
LogInit:  - bDontReuseConnections = false  - Libcurl will reuse connections
LogInit:  - MaxHostConnections = 16  - Libcurl will limit the number of connections to a host
LogInit:  - LocalHostAddr = Default
LogInit:  - BufferSize = 65536
LogInit: WinSock: version 1.1 (2.2), MaxSocks=32767, MaxUdp=65467
LogInit: Build: ++UE4+Release-4.21-CL-4753647
LogInit: Engine Version: 4.21.2-4753647+++UE4+Release-4.21
LogInit: Compatible Engine Version: 4.21.0-4541578+++UE4+Release-4.21
LogInit: Net CL: 4541578
LogInit: OS: Windows 10 (), CPU: AMD FX(tm)-8350 Eight-Core Processor           , GPU: NVIDIA GeForce RTX 2070
LogInit: Compiled (64-bit): Jan 19 2019 02:07:31
LogInit: Compiled with Visual C++: 19.13.26129.00
LogInit: Build Configuration: Development
LogInit: Branch Name: ++UE4+Release-4.21
LogInit: Command Line:  -EpicPortal -epicusername=DoctorHat -epicuserid=4680d4e53f9745fd9912ae2a5f2c1385 -epiclocale=en-US
LogInit: Base Directory: C:/Program Files/Epic Games/UE_4.21/Engine/Binaries/Win64/
LogInit: Installed Engine Build: 1
LogDevObjectVersion: Number of dev versions registered: 22
LogDevObjectVersion:   Dev-Blueprints (B0D832E4-1F89-4F0D-ACCF-7EB736FD4AA2): 10
LogDevObjectVersion:   Dev-Build (E1C64328-A22C-4D53-A36C-8E866417BD8C): 0
LogDevObjectVersion:   Dev-Core (375EC13C-06E4-48FB-B500-84F0262A717E): 2
LogDevObjectVersion:   Dev-Editor (E4B068ED-F494-42E9-A231-DA0B2E46BB41): 26
LogDevObjectVersion:   Dev-Framework (CFFC743F-43B0-4480-9391-14DF171D2073): 34
LogDevObjectVersion:   Dev-Mobile (B02B49B5-BB20-44E9-A304-32B752E40360): 2
LogDevObjectVersion:   Dev-Networking (A4E4105C-59A1-49B5-A7C5-40C4547EDFEE): 0
LogDevObjectVersion:   Dev-Online (39C831C9-5AE6-47DC-9A44-9C173E1C8E7C): 0
LogDevObjectVersion:   Dev-Physics (78F01B33-EBEA-4F98-B9B4-84EACCB95AA2): 0
LogDevObjectVersion:   Dev-Platform (6631380F-2D4D-43E0-8009-CF276956A95A): 0
LogDevObjectVersion:   Dev-Rendering (12F88B9F-8875-4AFC-A67C-D90C383ABD29): 27
LogDevObjectVersion:   Dev-Sequencer (7B5AE74C-D270-4C10-A958-57980B212A5A): 9
LogDevObjectVersion:   Dev-VR (D7296918-1DD6-4BDD-9DE2-64A83CC13884): 2
LogDevObjectVersion:   Dev-LoadTimes (C2A15278-BFE7-4AFE-6C17-90FF531DF755): 1
LogDevObjectVersion:   Private-Geometry (6EACA3D4-40EC-4CC1-B786-8BED09428FC5): 3
LogDevObjectVersion:   Dev-AnimPhys (29E575DD-E0A3-4627-9D10-D276232CDCEA): 17
LogDevObjectVersion:   Dev-Anim (AF43A65D-7FD3-4947-9873-3E8ED9C1BB05): 2
LogDevObjectVersion:   Dev-ReflectionCapture (6B266CEC-1EC7-4B8F-A30B-E4D90942FC07): 1
LogDevObjectVersion:   Dev-Automation (0DF73D61-A23F-47EA-B727-89E90C41499A): 1
LogDevObjectVersion:   FortniteMain (601D1886-AC64-4F84-AA16-D3DE0DEAC7D6): 17
LogDevObjectVersion:   Dev-Enterprise (9DFFBCD6-494F-0158-E221-12823C92A888): 4
LogDevObjectVersion:   Dev-Niagara (F2AED0AC-9AFE-416F-8664-AA7FFA26D6FC): 1
LogStreaming: Display: Took  0.000s to delete old logs.
LogInit: Presizing for max 8388607 objects, including 0 objects not considered by GC, pre-allocating 0 bytes for permanent pool.
LogInit: Object subsystem initialized
LogConfig: Setting CVar [[con.DebugEarlyDefault:1]]
LogConfig: Setting CVar [[r.setres:1280x720]]
[2019.05.21-04.32.59:099][  0]LogConfig: Setting CVar [[r.VSync:0]]
[2019.05.21-04.32.59:099][  0]LogConfig: Setting CVar [[r.RHICmdBypass:0]]
[2019.05.21-04.32.59:099][  0]LogConfig: Applying CVar settings from Section [/Script/Engine.RendererSettings] File [G:/SummerAssetPipe/GitHubProject/Saved/Config/Windows/Engine.ini]
[2019.05.21-04.32.59:099][  0]LogConfig: Setting CVar [[r.GPUCrashDebugging:0]]
[2019.05.21-04.32.59:099][  0]LogConfig: Applying CVar settings from Section [/Script/Engine.RendererOverrideSettings] File [G:/SummerAssetPipe/GitHubProject/Saved/Config/Windows/Engine.ini]
[2019.05.21-04.32.59:099][  0]LogConfig: Applying CVar settings from Section [/Script/Engine.StreamingSettings] File [G:/SummerAssetPipe/GitHubProject/Saved/Config/Windows/Engine.ini]
[2019.05.21-04.32.59:099][  0]LogConfig: Setting CVar [[s.MinBulkDataSizeForAsyncLoading:131072]]
[2019.05.21-04.32.59:099][  0]LogConfig: Setting CVar [[s.AsyncLoadingThreadEnabled:0]]
[2019.05.21-04.32.59:099][  0]LogConfig: Setting CVar [[s.EventDrivenLoaderEnabled:1]]
[2019.05.21-04.32.59:099][  0]LogConfig: Setting CVar [[s.WarnIfTimeLimitExceeded:0]]
[2019.05.21-04.32.59:099][  0]LogConfig: Setting CVar [[s.TimeLimitExceededMultiplier:1.5]]
[2019.05.21-04.32.59:099][  0]LogConfig: Setting CVar [[s.TimeLimitExceededMinTime:0.005]]
[2019.05.21-04.32.59:099][  0]LogConfig: Setting CVar [[s.UseBackgroundLevelStreaming:1]]
[2019.05.21-04.32.59:099][  0]LogConfig: Setting CVar [[s.PriorityAsyncLoadingExtraTime:15.0]]
[2019.05.21-04.32.59:099][  0]LogConfig: Setting CVar [[s.LevelStreamingActorsUpdateTimeLimit:5.0]]
[2019.05.21-04.32.59:099][  0]LogConfig: Setting CVar [[s.PriorityLevelStreamingActorsUpdateExtraTime:5.0]]
[2019.05.21-04.32.59:099][  0]LogConfig: Setting CVar [[s.LevelStreamingComponentsRegistrationGranularity:10]]
[2019.05.21-04.32.59:099][  0]LogConfig: Setting CVar [[s.UnregisterComponentsTimeLimit:1.0]]
[2019.05.21-04.32.59:099][  0]LogConfig: Setting CVar [[s.LevelStreamingComponentsUnregistrationGranularity:5]]
[2019.05.21-04.32.59:099][  0]LogConfig: Applying CVar settings from Section [/Script/Engine.GarbageCollectionSettings] File [G:/SummerAssetPipe/GitHubProject/Saved/Config/Windows/Engine.ini]
[2019.05.21-04.32.59:099][  0]LogConfig: Setting CVar [[gc.MaxObjectsNotConsideredByGC:1]]
[2019.05.21-04.32.59:099][  0]LogConfig: Setting CVar [[gc.SizeOfPermanentObjectPool:0]]
[2019.05.21-04.32.59:099][  0]LogConfig: Setting CVar [[gc.FlushStreamingOnGC:0]]
[2019.05.21-04.32.59:099][  0]LogConfig: Setting CVar [[gc.NumRetriesBeforeForcingGC:10]]
[2019.05.21-04.32.59:099][  0]LogConfig: Setting CVar [[gc.AllowParallelGC:1]]
[2019.05.21-04.32.59:099][  0]LogConfig: Setting CVar [[gc.TimeBetweenPurgingPendingKillObjects:61.1]]
[2019.05.21-04.32.59:099][  0]LogConfig: Setting CVar [[gc.MaxObjectsInEditor:8388607]]
[2019.05.21-04.32.59:099][  0]LogConfig: Setting CVar [[gc.IncrementalBeginDestroyEnabled:1]]
[2019.05.21-04.32.59:099][  0]LogConfig: Setting CVar [[gc.CreateGCClusters:1]]
[2019.05.21-04.32.59:099][  0]LogConfig: Setting CVar [[gc.MergeGCClusters:0]]
[2019.05.21-04.32.59:099][  0]LogConfig: Setting CVar [[gc.MinGCClusterSize:5]]
[2019.05.21-04.32.59:099][  0]LogConfig: Setting CVar [[gc.ActorClusteringEnabled:0]]
[2019.05.21-04.32.59:099][  0]LogConfig: Setting CVar [[gc.BlueprintClusteringEnabled:0]]
[2019.05.21-04.32.59:099][  0]LogConfig: Setting CVar [[gc.UseDisregardForGCOnDedicatedServers:0]]
[2019.05.21-04.32.59:099][  0]LogConfig: Applying CVar settings from Section [/Script/Engine.NetworkSettings] File [G:/SummerAssetPipe/GitHubProject/Saved/Config/Windows/Engine.ini]
[2019.05.21-04.32.59:100][  0]LogConfig: Applying CVar settings from Section [/Script/UnrealEd.CookerSettings] File [G:/SummerAssetPipe/GitHubProject/Saved/Config/Windows/Engine.ini]
[2019.05.21-04.32.59:103][  0]LogConfig: Applying CVar settings from Section [ViewDistanceQuality@3] File [G:/SummerAssetPipe/GitHubProject/Saved/Config/Windows/Scalability.ini]
[2019.05.21-04.32.59:103][  0]LogConfig: Setting CVar [[r.SkeletalMeshLODBias:0]]
[2019.05.21-04.32.59:103][  0]LogConfig: Setting CVar [[r.ViewDistanceScale:1.0]]
[2019.05.21-04.32.59:103][  0]LogConfig: Applying CVar settings from Section [AntiAliasingQuality@3] File [G:/SummerAssetPipe/GitHubProject/Saved/Config/Windows/Scalability.ini]
[2019.05.21-04.32.59:103][  0]LogConfig: Setting CVar [[r.PostProcessAAQuality:4]]
[2019.05.21-04.32.59:103][  0]LogConfig: Applying CVar settings from Section [ShadowQuality@3] File [G:/SummerAssetPipe/GitHubProject/Saved/Config/Windows/Scalability.ini]
[2019.05.21-04.32.59:103][  0]LogConfig: Setting CVar [[r.LightFunctionQuality:1]]
[2019.05.21-04.32.59:103][  0]LogConfig: Setting CVar [[r.ShadowQuality:5]]
[2019.05.21-04.32.59:103][  0]LogConfig: Setting CVar [[r.Shadow.CSM.MaxCascades:10]]
[2019.05.21-04.32.59:103][  0]LogConfig: Setting CVar [[r.Shadow.MaxResolution:2048]]
[2019.05.21-04.32.59:103][  0]LogConfig: Setting CVar [[r.Shadow.MaxCSMResolution:2048]]
[2019.05.21-04.32.59:103][  0]LogConfig: Setting CVar [[r.Shadow.RadiusThreshold:0.01]]
[2019.05.21-04.32.59:103][  0]LogConfig: Setting CVar [[r.Shadow.DistanceScale:1.0]]
[2019.05.21-04.32.59:103][  0]LogConfig: Setting CVar [[r.Shadow.CSM.TransitionScale:1.0]]
[2019.05.21-04.32.59:103][  0]LogConfig: Setting CVar [[r.Shadow.PreShadowResolutionFactor:1.0]]
[2019.05.21-04.32.59:103][  0]LogConfig: Setting CVar [[r.DistanceFieldShadowing:1]]
[2019.05.21-04.32.59:103][  0]LogConfig: Setting CVar [[r.DistanceFieldAO:1]]
[2019.05.21-04.32.59:103][  0]LogConfig: Setting CVar [[r.AOQuality:2]]
[2019.05.21-04.32.59:103][  0]LogConfig: Setting CVar [[r.VolumetricFog:1]]
[2019.05.21-04.32.59:103][  0]LogConfig: Setting CVar [[r.VolumetricFog.GridPixelSize:8]]
[2019.05.21-04.32.59:103][  0]LogConfig: Setting CVar [[r.VolumetricFog.GridSizeZ:128]]
[2019.05.21-04.32.59:103][  0]LogConfig: Setting CVar [[r.VolumetricFog.HistoryMissSupersampleCount:4]]
[2019.05.21-04.32.59:103][  0]LogConfig: Setting CVar [[r.LightMaxDrawDistanceScale:1]]
[2019.05.21-04.32.59:103][  0]LogConfig: Setting CVar [[r.CapsuleShadows:1]]
[2019.05.21-04.32.59:103][  0]LogConfig: Applying CVar settings from Section [PostProcessQuality@3] File [G:/SummerAssetPipe/GitHubProject/Saved/Config/Windows/Scalability.ini]
[2019.05.21-04.32.59:103][  0]LogConfig: Setting CVar [[r.MotionBlurQuality:4]]
[2019.05.21-04.32.59:103][  0]LogConfig: Setting CVar [[r.AmbientOcclusionMipLevelFactor:0.4]]
[2019.05.21-04.32.59:103][  0]LogConfig: Setting CVar [[r.AmbientOcclusionMaxQuality:100]]
[2019.05.21-04.32.59:103][  0]LogConfig: Setting CVar [[r.AmbientOcclusionLevels:-1]]
[2019.05.21-04.32.59:103][  0]LogConfig: Setting CVar [[r.AmbientOcclusionRadiusScale:1.0]]
[2019.05.21-04.32.59:103][  0]LogConfig: Setting CVar [[r.DepthOfFieldQuality:2]]
[2019.05.21-04.32.59:103][  0]LogConfig: Setting CVar [[r.RenderTargetPoolMin:400]]
[2019.05.21-04.32.59:103][  0]LogConfig: Setting CVar [[r.LensFlareQuality:2]]
[2019.05.21-04.32.59:103][  0]LogConfig: Setting CVar [[r.SceneColorFringeQuality:1]]
[2019.05.21-04.32.59:103][  0]LogConfig: Setting CVar [[r.EyeAdaptationQuality:2]]
[2019.05.21-04.32.59:103][  0]LogConfig: Setting CVar [[r.BloomQuality:5]]
[2019.05.21-04.32.59:103][  0]LogConfig: Setting CVar [[r.FastBlurThreshold:100]]
[2019.05.21-04.32.59:103][  0]LogConfig: Setting CVar [[r.Upscale.Quality:3]]
[2019.05.21-04.32.59:103][  0]LogConfig: Setting CVar [[r.Tonemapper.GrainQuantization:1]]
[2019.05.21-04.32.59:103][  0]LogConfig: Setting CVar [[r.LightShaftQuality:1]]
[2019.05.21-04.32.59:103][  0]LogConfig: Setting CVar [[r.Filter.SizeScale:1]]
[2019.05.21-04.32.59:104][  0]LogConfig: Setting CVar [[r.Tonemapper.Quality:5]]
[2019.05.21-04.32.59:104][  0]LogConfig: Setting CVar [[r.DOF.Gather.AccumulatorQuality:1        ; higher gathering accumulator quality]]
[2019.05.21-04.32.59:104][  0]LogConfig: Setting CVar [[r.DOF.Gather.PostfilterMethod:1          ; Median3x3 postfilering method]]
[2019.05.21-04.32.59:104][  0]LogConfig: Setting CVar [[r.DOF.Gather.EnableBokehSettings:0       ; no bokeh simulation when gathering]]
[2019.05.21-04.32.59:104][  0]LogConfig: Setting CVar [[r.DOF.Gather.RingCount:4                 ; medium number of samples when gathering]]
[2019.05.21-04.32.59:104][  0]LogConfig: Setting CVar [[r.DOF.Scatter.ForegroundCompositing:1    ; additive foreground scattering]]
[2019.05.21-04.32.59:104][  0]LogConfig: Setting CVar [[r.DOF.Scatter.BackgroundCompositing:2    ; additive background scattering]]
[2019.05.21-04.32.59:104][  0]LogConfig: Setting CVar [[r.DOF.Scatter.EnableBokehSettings:1      ; bokeh simulation when scattering]]
[2019.05.21-04.32.59:104][  0]LogConfig: Setting CVar [[r.DOF.Scatter.MaxSpriteRatio:0.1         ; only a maximum of 10% of scattered bokeh]]
[2019.05.21-04.32.59:104][  0]LogConfig: Setting CVar [[r.DOF.Recombine.Quality:1                ; cheap slight out of focus]]
[2019.05.21-04.32.59:104][  0]LogConfig: Setting CVar [[r.DOF.Recombine.EnableBokehSettings:0    ; no bokeh simulation on slight out of focus]]
[2019.05.21-04.32.59:104][  0]LogConfig: Setting CVar [[r.DOF.TemporalAAQuality:1                ; more stable temporal accumulation]]
[2019.05.21-04.32.59:104][  0]LogConfig: Setting CVar [[r.DOF.Kernel.MaxForegroundRadius:0.025]]
[2019.05.21-04.32.59:104][  0]LogConfig: Setting CVar [[r.DOF.Kernel.MaxBackgroundRadius:0.025]]
[2019.05.21-04.32.59:104][  0]LogConfig: Applying CVar settings from Section [TextureQuality@3] File [G:/SummerAssetPipe/GitHubProject/Saved/Config/Windows/Scalability.ini]
[2019.05.21-04.32.59:104][  0]LogConfig: Setting CVar [[r.Streaming.MipBias:0]]
[2019.05.21-04.32.59:104][  0]LogConfig: Setting CVar [[r.Streaming.AmortizeCPUToGPUCopy:0]]
[2019.05.21-04.32.59:104][  0]LogConfig: Setting CVar [[r.Streaming.MaxNumTexturesToStreamPerFrame:0]]
[2019.05.21-04.32.59:104][  0]LogConfig: Setting CVar [[r.Streaming.Boost:1]]
[2019.05.21-04.32.59:104][  0]LogConfig: Setting CVar [[r.MaxAnisotropy:8]]
[2019.05.21-04.32.59:104][  0]LogConfig: Setting CVar [[r.Streaming.LimitPoolSizeToVRAM:0]]
[2019.05.21-04.32.59:104][  0]LogConfig: Setting CVar [[r.Streaming.PoolSize:1000]]
[2019.05.21-04.32.59:104][  0]LogConfig: Setting CVar [[r.Streaming.MaxEffectiveScreenSize:0]]
[2019.05.21-04.32.59:104][  0]LogConfig: Applying CVar settings from Section [EffectsQuality@3] File [G:/SummerAssetPipe/GitHubProject/Saved/Config/Windows/Scalability.ini]
[2019.05.21-04.32.59:104][  0]LogConfig: Setting CVar [[r.TranslucencyLightingVolumeDim:64]]
[2019.05.21-04.32.59:104][  0]LogConfig: Setting CVar [[r.RefractionQuality:2]]
[2019.05.21-04.32.59:104][  0]LogConfig: Setting CVar [[r.SSR.Quality:3]]
[2019.05.21-04.32.59:104][  0]LogConfig: Setting CVar [[r.SceneColorFormat:4]]
[2019.05.21-04.32.59:104][  0]LogConfig: Setting CVar [[r.DetailMode:2]]
[2019.05.21-04.32.59:104][  0]LogConfig: Setting CVar [[r.TranslucencyVolumeBlur:1]]
[2019.05.21-04.32.59:104][  0]LogConfig: Setting CVar [[r.MaterialQualityLevel:1 ; High quality]]
[2019.05.21-04.32.59:104][  0]LogConfig: Setting CVar [[r.SSS.Scale:1]]
[2019.05.21-04.32.59:104][  0]LogConfig: Setting CVar [[r.SSS.SampleSet:2]]
[2019.05.21-04.32.59:104][  0]LogConfig: Setting CVar [[r.SSS.Quality:1]]
[2019.05.21-04.32.59:104][  0]LogConfig: Setting CVar [[r.SSS.HalfRes:1]]
[2019.05.21-04.32.59:104][  0]LogConfig: Setting CVar [[r.EmitterSpawnRateScale:1.0]]
[2019.05.21-04.32.59:104][  0]LogConfig: Setting CVar [[r.ParticleLightQuality:2]]
[2019.05.21-04.32.59:104][  0]LogConfig: Applying CVar settings from Section [FoliageQuality@3] File [G:/SummerAssetPipe/GitHubProject/Saved/Config/Windows/Scalability.ini]
[2019.05.21-04.32.59:104][  0]LogConfig: Setting CVar [[foliage.DensityScale:1.0]]
[2019.05.21-04.32.59:104][  0]LogConfig: Setting CVar [[grass.DensityScale:1.0]]
[2019.05.21-04.32.59:104][  0]LogInit: Selected Device Profile: [Windows]
[2019.05.21-04.32.59:104][  0]LogInit: Applying CVar settings loaded from the selected device profile: [Windows]
[2019.05.21-04.32.59:113][  0]LogHAL: Display: Platform has ~ 16 GB [17072824320 / 17179869184 / 16], which maps to Larger [LargestMinGB=32, LargerMinGB=12, DefaultMinGB=8, SmallerMinGB=6, SmallestMinGB=0)
[2019.05.21-04.32.59:113][  0]LogConfig: Setting CVar [[r.Vulkan.UseRealUBs:1]]
[2019.05.21-04.32.59:113][  0]LogInit: Going up to parent DeviceProfile []
[2019.05.21-04.32.59:113][  0]LogConfig: Applying CVar settings from Section [ViewDistanceQuality@3] File [G:/SummerAssetPipe/GitHubProject/Saved/Config/Windows/Scalability.ini]
[2019.05.21-04.32.59:113][  0]LogConfig: Setting CVar [[r.SkeletalMeshLODBias:0]]
[2019.05.21-04.32.59:113][  0]LogConfig: Setting CVar [[r.ViewDistanceScale:1.0]]
[2019.05.21-04.32.59:113][  0]LogConfig: Applying CVar settings from Section [AntiAliasingQuality@3] File [G:/SummerAssetPipe/GitHubProject/Saved/Config/Windows/Scalability.ini]
[2019.05.21-04.32.59:113][  0]LogConfig: Setting CVar [[r.PostProcessAAQuality:4]]
[2019.05.21-04.32.59:113][  0]LogConfig: Applying CVar settings from Section [ShadowQuality@3] File [G:/SummerAssetPipe/GitHubProject/Saved/Config/Windows/Scalability.ini]
[2019.05.21-04.32.59:113][  0]LogConfig: Setting CVar [[r.LightFunctionQuality:1]]
[2019.05.21-04.32.59:113][  0]LogConfig: Setting CVar [[r.ShadowQuality:5]]
[2019.05.21-04.32.59:113][  0]LogConfig: Setting CVar [[r.Shadow.CSM.MaxCascades:10]]
[2019.05.21-04.32.59:113][  0]LogConfig: Setting CVar [[r.Shadow.MaxResolution:2048]]
[2019.05.21-04.32.59:113][  0]LogConfig: Setting CVar [[r.Shadow.MaxCSMResolution:2048]]
[2019.05.21-04.32.59:113][  0]LogConfig: Setting CVar [[r.Shadow.RadiusThreshold:0.01]]
[2019.05.21-04.32.59:113][  0]LogConfig: Setting CVar [[r.Shadow.DistanceScale:1.0]]
[2019.05.21-04.32.59:113][  0]LogConfig: Setting CVar [[r.Shadow.CSM.TransitionScale:1.0]]
[2019.05.21-04.32.59:113][  0]LogConfig: Setting CVar [[r.Shadow.PreShadowResolutionFactor:1.0]]
[2019.05.21-04.32.59:113][  0]LogConfig: Setting CVar [[r.DistanceFieldShadowing:1]]
[2019.05.21-04.32.59:113][  0]LogConfig: Setting CVar [[r.DistanceFieldAO:1]]
[2019.05.21-04.32.59:114][  0]LogConfig: Setting CVar [[r.AOQuality:2]]
[2019.05.21-04.32.59:114][  0]LogConfig: Setting CVar [[r.VolumetricFog:1]]
[2019.05.21-04.32.59:114][  0]LogConfig: Setting CVar [[r.VolumetricFog.GridPixelSize:8]]
[2019.05.21-04.32.59:114][  0]LogConfig: Setting CVar [[r.VolumetricFog.GridSizeZ:128]]
[2019.05.21-04.32.59:114][  0]LogConfig: Setting CVar [[r.VolumetricFog.HistoryMissSupersampleCount:4]]
[2019.05.21-04.32.59:114][  0]LogConfig: Setting CVar [[r.LightMaxDrawDistanceScale:1]]
[2019.05.21-04.32.59:114][  0]LogConfig: Setting CVar [[r.CapsuleShadows:1]]
[2019.05.21-04.32.59:114][  0]LogConfig: Applying CVar settings from Section [PostProcessQuality@3] File [G:/SummerAssetPipe/GitHubProject/Saved/Config/Windows/Scalability.ini]
[2019.05.21-04.32.59:114][  0]LogConfig: Setting CVar [[r.MotionBlurQuality:4]]
[2019.05.21-04.32.59:114][  0]LogConfig: Setting CVar [[r.AmbientOcclusionMipLevelFactor:0.4]]
[2019.05.21-04.32.59:114][  0]LogConfig: Setting CVar [[r.AmbientOcclusionMaxQuality:100]]
[2019.05.21-04.32.59:114][  0]LogConfig: Setting CVar [[r.AmbientOcclusionLevels:-1]]
[2019.05.21-04.32.59:114][  0]LogConfig: Setting CVar [[r.AmbientOcclusionRadiusScale:1.0]]
[2019.05.21-04.32.59:114][  0]LogConfig: Setting CVar [[r.DepthOfFieldQuality:2]]
[2019.05.21-04.32.59:114][  0]LogConfig: Setting CVar [[r.RenderTargetPoolMin:400]]
[2019.05.21-04.32.59:114][  0]LogConfig: Setting CVar [[r.LensFlareQuality:2]]
[2019.05.21-04.32.59:114][  0]LogConfig: Setting CVar [[r.SceneColorFringeQuality:1]]
[2019.05.21-04.32.59:114][  0]LogConfig: Setting CVar [[r.EyeAdaptationQuality:2]]
[2019.05.21-04.32.59:114][  0]LogConfig: Setting CVar [[r.BloomQuality:5]]
[2019.05.21-04.32.59:114][  0]LogConfig: Setting CVar [[r.FastBlurThreshold:100]]
[2019.05.21-04.32.59:114][  0]LogConfig: Setting CVar [[r.Upscale.Quality:3]]
[2019.05.21-04.32.59:114][  0]LogConfig: Setting CVar [[r.Tonemapper.GrainQuantization:1]]
[2019.05.21-04.32.59:114][  0]LogConfig: Setting CVar [[r.LightShaftQuality:1]]
[2019.05.21-04.32.59:114][  0]LogConfig: Setting CVar [[r.Filter.SizeScale:1]]
[2019.05.21-04.32.59:114][  0]LogConfig: Setting CVar [[r.Tonemapper.Quality:5]]
[2019.05.21-04.32.59:114][  0]LogConfig: Setting CVar [[r.DOF.Gather.AccumulatorQuality:1        ; higher gathering accumulator quality]]
[2019.05.21-04.32.59:114][  0]LogConfig: Setting CVar [[r.DOF.Gather.PostfilterMethod:1          ; Median3x3 postfilering method]]
[2019.05.21-04.32.59:114][  0]LogConfig: Setting CVar [[r.DOF.Gather.EnableBokehSettings:0       ; no bokeh simulation when gathering]]
[2019.05.21-04.32.59:114][  0]LogConfig: Setting CVar [[r.DOF.Gather.RingCount:4                 ; medium number of samples when gathering]]
[2019.05.21-04.32.59:114][  0]LogConfig: Setting CVar [[r.DOF.Scatter.ForegroundCompositing:1    ; additive foreground scattering]]
[2019.05.21-04.32.59:114][  0]LogConfig: Setting CVar [[r.DOF.Scatter.BackgroundCompositing:2    ; additive background scattering]]
[2019.05.21-04.32.59:114][  0]LogConfig: Setting CVar [[r.DOF.Scatter.EnableBokehSettings:1      ; bokeh simulation when scattering]]
[2019.05.21-04.32.59:114][  0]LogConfig: Setting CVar [[r.DOF.Scatter.MaxSpriteRatio:0.1         ; only a maximum of 10% of scattered bokeh]]
[2019.05.21-04.32.59:114][  0]LogConfig: Setting CVar [[r.DOF.Recombine.Quality:1                ; cheap slight out of focus]]
[2019.05.21-04.32.59:114][  0]LogConfig: Setting CVar [[r.DOF.Recombine.EnableBokehSettings:0    ; no bokeh simulation on slight out of focus]]
[2019.05.21-04.32.59:114][  0]LogConfig: Setting CVar [[r.DOF.TemporalAAQuality:1                ; more stable temporal accumulation]]
[2019.05.21-04.32.59:114][  0]LogConfig: Setting CVar [[r.DOF.Kernel.MaxForegroundRadius:0.025]]
[2019.05.21-04.32.59:114][  0]LogConfig: Setting CVar [[r.DOF.Kernel.MaxBackgroundRadius:0.025]]
[2019.05.21-04.32.59:114][  0]LogConfig: Applying CVar settings from Section [TextureQuality@3] File [G:/SummerAssetPipe/GitHubProject/Saved/Config/Windows/Scalability.ini]
[2019.05.21-04.32.59:114][  0]LogConfig: Setting CVar [[r.Streaming.MipBias:0]]
[2019.05.21-04.32.59:114][  0]LogConfig: Setting CVar [[r.Streaming.AmortizeCPUToGPUCopy:0]]
[2019.05.21-04.32.59:114][  0]LogConfig: Setting CVar [[r.Streaming.MaxNumTexturesToStreamPerFrame:0]]
[2019.05.21-04.32.59:114][  0]LogConfig: Setting CVar [[r.Streaming.Boost:1]]
[2019.05.21-04.32.59:114][  0]LogConfig: Setting CVar [[r.MaxAnisotropy:8]]
[2019.05.21-04.32.59:114][  0]LogConfig: Setting CVar [[r.Streaming.LimitPoolSizeToVRAM:0]]
[2019.05.21-04.32.59:114][  0]LogConfig: Setting CVar [[r.Streaming.PoolSize:1000]]
[2019.05.21-04.32.59:114][  0]LogConfig: Setting CVar [[r.Streaming.MaxEffectiveScreenSize:0]]
[2019.05.21-04.32.59:114][  0]LogConfig: Applying CVar settings from Section [EffectsQuality@3] File [G:/SummerAssetPipe/GitHubProject/Saved/Config/Windows/Scalability.ini]
[2019.05.21-04.32.59:114][  0]LogConfig: Setting CVar [[r.TranslucencyLightingVolumeDim:64]]
[2019.05.21-04.32.59:114][  0]LogConfig: Setting CVar [[r.RefractionQuality:2]]
[2019.05.21-04.32.59:114][  0]LogConfig: Setting CVar [[r.SSR.Quality:3]]
[2019.05.21-04.32.59:114][  0]LogConfig: Setting CVar [[r.SceneColorFormat:4]]
[2019.05.21-04.32.59:114][  0]LogConfig: Setting CVar [[r.DetailMode:2]]
[2019.05.21-04.32.59:114][  0]LogConfig: Setting CVar [[r.TranslucencyVolumeBlur:1]]
[2019.05.21-04.32.59:114][  0]LogConfig: Setting CVar [[r.MaterialQualityLevel:1 ; High quality]]
[2019.05.21-04.32.59:114][  0]LogConfig: Setting CVar [[r.SSS.Scale:1]]
[2019.05.21-04.32.59:115][  0]LogConfig: Setting CVar [[r.SSS.SampleSet:2]]
[2019.05.21-04.32.59:115][  0]LogConfig: Setting CVar [[r.SSS.Quality:1]]
[2019.05.21-04.32.59:115][  0]LogConfig: Setting CVar [[r.SSS.HalfRes:1]]
[2019.05.21-04.32.59:115][  0]LogConfig: Setting CVar [[r.EmitterSpawnRateScale:1.0]]
[2019.05.21-04.32.59:115][  0]LogConfig: Setting CVar [[r.ParticleLightQuality:2]]
[2019.05.21-04.32.59:115][  0]LogConfig: Applying CVar settings from Section [FoliageQuality@3] File [G:/SummerAssetPipe/GitHubProject/Saved/Config/Windows/Scalability.ini]
[2019.05.21-04.32.59:115][  0]LogConfig: Setting CVar [[foliage.DensityScale:1.0]]
[2019.05.21-04.32.59:115][  0]LogConfig: Setting CVar [[grass.DensityScale:1.0]]
[2019.05.21-04.32.59:115][  0]LogConfig: Applying CVar settings from Section [Startup] File [../../../Engine/Config/ConsoleVariables.ini]
[2019.05.21-04.32.59:115][  0]LogConfig: Setting CVar [[net.UseAdaptiveNetUpdateFrequency:0]]
[2019.05.21-04.32.59:115][  0]LogConfig: Applying CVar settings from Section [ConsoleVariables] File [G:/SummerAssetPipe/GitHubProject/Saved/Config/Windows/Engine.ini]
[2019.05.21-04.32.59:115][  0]LogInit: Computer: LUNA
[2019.05.21-04.32.59:115][  0]LogInit: User: Dylan
[2019.05.21-04.32.59:115][  0]LogInit: CPU Page size=4096, Cores=4
[2019.05.21-04.32.59:115][  0]LogInit: High frequency timer resolution =3.919437 MHz
[2019.05.21-04.32.59:115][  0]LogMemory: Memory total: Physical=15.9GB (16GB approx)
[2019.05.21-04.32.59:115][  0]LogMemory: Platform Memory Stats for Windows
[2019.05.21-04.32.59:116][  0]LogMemory: Process Physical Memory: 102.61 MB used, 102.61 MB peak
[2019.05.21-04.32.59:116][  0]LogMemory: Process Virtual Memory: 89.73 MB used, 89.73 MB peak
[2019.05.21-04.32.59:116][  0]LogMemory: Physical Memory: 8462.31 MB used,  7819.61 MB free, 16281.91 MB total
[2019.05.21-04.32.59:116][  0]LogMemory: Virtual Memory: 4636.84 MB used,  134213088.00 MB free, 134217728.00 MB total
[2019.05.21-04.32.59:148][  0]LogInit: Using OS detected language (en-US).
[2019.05.21-04.32.59:148][  0]LogInit: Using OS detected locale (en-US).
[2019.05.21-04.32.59:151][  0]LogTextLocalizationManager: No specific localization for 'en-US' exists, so the 'en' localization will be used.
[2019.05.21-04.32.59:678][  0]LogStreaming: Display: Took  0.530s to InitEngineTextLocalization.
[2019.05.21-04.32.59:678][  0]LogInit: Setting process to per monitor DPI aware
[2019.05.21-04.32.59:739][  0]LogSlate: New Slate User Created.  User Index 0, Is Virtual User: 0
[2019.05.21-04.32.59:739][  0]LogSlate: Slate User Registered.  User Index 0, Is Virtual User: 0
[2019.05.21-04.33.00:032][  0]LogHMD: Failed to initialize OpenVR with code 110
[2019.05.21-04.33.00:032][  0]LogD3D11RHI: D3D11 adapters:
[2019.05.21-04.33.00:137][  0]LogD3D11RHI:    0. 'NVIDIA GeForce RTX 2070' (Feature Level 11_0)
[2019.05.21-04.33.00:137][  0]LogD3D11RHI:       8031/0/8140 MB DedicatedVideo/DedicatedSystem/SharedSystem, Outputs:1, VendorId:0x10de
[2019.05.21-04.33.00:139][  0]LogD3D11RHI:    1. 'Microsoft Basic Render Driver' (Feature Level 11_0)
[2019.05.21-04.33.00:139][  0]LogD3D11RHI:       0/0/8140 MB DedicatedVideo/DedicatedSystem/SharedSystem, Outputs:0, VendorId:0x1414
[2019.05.21-04.33.00:139][  0]LogD3D11RHI: Chosen D3D11 Adapter: 0
[2019.05.21-04.33.00:168][  0]LogD3D11RHI: Creating new Direct3DDevice
[2019.05.21-04.33.00:168][  0]LogD3D11RHI:     GPU DeviceId: 0x1f07 (for the marketing name, search the web for "GPU Device Id")
[2019.05.21-04.33.00:168][  0]LogWindows: EnumDisplayDevices:
[2019.05.21-04.33.00:168][  0]LogWindows:    0. 'NVIDIA GeForce RTX 2070' (P:1 D:1)
[2019.05.21-04.33.00:168][  0]LogWindows:    1. 'NVIDIA GeForce RTX 2070' (P:0 D:0)
[2019.05.21-04.33.00:169][  0]LogWindows:    2. 'NVIDIA GeForce RTX 2070' (P:0 D:0)
[2019.05.21-04.33.00:169][  0]LogWindows:    3. 'NVIDIA GeForce RTX 2070' (P:0 D:0)
[2019.05.21-04.33.00:169][  0]LogWindows: DebugString: FoundDriverCount:4 
[2019.05.21-04.33.00:169][  0]LogD3D11RHI:     Adapter Name: NVIDIA GeForce RTX 2070
[2019.05.21-04.33.00:169][  0]LogD3D11RHI:   Driver Version: 418.91 (internal:25.21.14.1891, unified:418.91)
[2019.05.21-04.33.00:169][  0]LogD3D11RHI:      Driver Date: 2-6-2019
[2019.05.21-04.33.00:169][  0]LogRHI: Texture pool is 5621 MB (70% of 8031 MB)
[2019.05.21-04.33.00:241][  0]LogD3D11RHI: Async texture creation enabled
[2019.05.21-04.33.00:258][  0]LogD3D11RHI: GPU Timing Frequency: 1000.000000 (Debug: 2 2)
[2019.05.21-04.33.00:747][  0]LogTemp: Display: Loaded TP AllDesktopTargetPlatform
[2019.05.21-04.33.00:766][  0]LogTemp: Display: Loaded TP MacClientTargetPlatform
[2019.05.21-04.33.00:786][  0]LogTemp: Display: Loaded TP MacNoEditorTargetPlatform
[2019.05.21-04.33.00:806][  0]LogTemp: Display: Loaded TP MacServerTargetPlatform
[2019.05.21-04.33.00:827][  0]LogTemp: Display: Loaded TP MacTargetPlatform
[2019.05.21-04.33.00:847][  0]LogTemp: Display: Loaded TP WindowsClientTargetPlatform
[2019.05.21-04.33.00:867][  0]LogTemp: Display: Loaded TP WindowsNoEditorTargetPlatform
[2019.05.21-04.33.00:887][  0]LogTemp: Display: Loaded TP WindowsServerTargetPlatform
[2019.05.21-04.33.00:896][  0]LogTemp: Display: Loaded TP WindowsTargetPlatform
[2019.05.21-04.33.00:999][  0]LogTemp: Display: Loaded TP AndroidTargetPlatform
[2019.05.21-04.33.00:999][  0]LogTemp: Display: Loaded TP AndroidTargetPlatform
[2019.05.21-04.33.00:999][  0]LogTemp: Display: Loaded TP AndroidTargetPlatform
[2019.05.21-04.33.00:999][  0]LogTemp: Display: Loaded TP AndroidTargetPlatform
[2019.05.21-04.33.00:999][  0]LogTemp: Display: Loaded TP AndroidTargetPlatform
[2019.05.21-04.33.00:999][  0]LogTemp: Display: Loaded TP AndroidTargetPlatform
[2019.05.21-04.33.00:999][  0]LogTemp: Display: Loaded TP AndroidTargetPlatform
[2019.05.21-04.33.00:999][  0]LogTemp: Display: Loaded TP AndroidTargetPlatform
[2019.05.21-04.33.00:999][  0]LogTemp: Display: Loaded TP AndroidTargetPlatform
[2019.05.21-04.33.00:999][  0]LogTemp: Display: Loaded TP AndroidTargetPlatform
[2019.05.21-04.33.00:999][  0]LogTemp: Display: Loaded TP AndroidTargetPlatform
[2019.05.21-04.33.00:999][  0]LogTemp: Display: Loaded TP AndroidTargetPlatform
[2019.05.21-04.33.00:999][  0]LogTemp: Display: Loaded TP AndroidTargetPlatform
[2019.05.21-04.33.00:999][  0]LogTemp: Display: Loaded TP AndroidTargetPlatform
[2019.05.21-04.33.00:999][  0]LogTemp: Display: Loaded TP AndroidTargetPlatform
[2019.05.21-04.33.00:999][  0]LogTemp: Display: Loaded TP AndroidTargetPlatform
[2019.05.21-04.33.00:999][  0]LogTemp: Display: Loaded TP AndroidTargetPlatform
[2019.05.21-04.33.00:999][  0]LogTemp: Display: Loaded TP AndroidTargetPlatform
[2019.05.21-04.33.01:001][  0]LogTemp: Display: Loaded TP HTML5TargetPlatform
[2019.05.21-04.33.01:075][  0]LogTemp: Display: Loaded TP IOSTargetPlatform
[2019.05.21-04.33.01:075][  0]LogTemp: Display: Loaded TP IOSTargetPlatform
[2019.05.21-04.33.01:108][  0]LogTemp: Display: Loaded TP TVOSTargetPlatform
[2019.05.21-04.33.01:108][  0]LogTemp: Display: Loaded TP TVOSTargetPlatform
[2019.05.21-04.33.01:126][  0]LogTemp: Display: Loaded TP LinuxClientTargetPlatform
[2019.05.21-04.33.01:143][  0]LogTemp: Display: Loaded TP LinuxNoEditorTargetPlatform
[2019.05.21-04.33.01:161][  0]LogTemp: Display: Loaded TP LinuxServerTargetPlatform
[2019.05.21-04.33.01:179][  0]LogTemp: Display: Loaded TP LinuxTargetPlatform
[2019.05.21-04.33.01:243][  0]LogTemp: Display: Loaded TP LuminTargetPlatform
[2019.05.21-04.33.01:243][  0]LogTemp: Display: Loaded TP LuminTargetPlatform
[2019.05.21-04.33.01:243][  0]LogTargetPlatformManager: Display: Building Assets For Windows
[2019.05.21-04.33.01:334][  0]LogShaderCompilers: Guid format shader working directory is 13 characters bigger than the processId version (G:/SummerAssetPipe/GitHubProject/Intermediate/Shaders/WorkingDirectory/94660/).
[2019.05.21-04.33.01:334][  0]LogShaderCompilers: Cleaned the shader compiler working directory 'C:/Users/Dylan/AppData/Local/Temp/UnrealShaderWorkingDir/29F2FE004675DD9A763EE19F66047BA9/'.
[2019.05.21-04.33.01:338][  0]LogXGEController: Cannot use XGE Controller as Incredibuild is not installed on this machine.
[2019.05.21-04.33.01:338][  0]LogShaderCompilers: Cannot use XGE Shader Compiler as Incredibuild is not installed on this machine.
[2019.05.21-04.33.01:338][  0]LogShaderCompilers: Display: Using Local Shader Compiler.
[2019.05.21-04.33.02:179][  0]LogDerivedDataCache: Display: Max Cache Size: 512 MB
[2019.05.21-04.33.02:267][  0]LogDerivedDataCache: Loaded boot cache 0.09s 86MB C:/Users/Dylan/AppData/Local/UnrealEngine/4.21/DerivedDataCache/Boot.ddc.
[2019.05.21-04.33.02:267][  0]LogDerivedDataCache: Display: Loaded Boot cache: C:/Users/Dylan/AppData/Local/UnrealEngine/4.21/DerivedDataCache/Boot.ddc
[2019.05.21-04.33.02:267][  0]LogDerivedDataCache: FDerivedDataBackendGraph:  Pak pak cache file G:/SummerAssetPipe/GitHubProject/DerivedDataCache/DDC.ddp not found, will not use a pak cache.
[2019.05.21-04.33.02:267][  0]LogDerivedDataCache: Unable to find inner node Pak for hierarchical cache Hierarchy.
[2019.05.21-04.33.02:267][  0]LogDerivedDataCache: FDerivedDataBackendGraph:  CompressedPak pak cache file G:/SummerAssetPipe/GitHubProject/DerivedDataCache/Compressed.ddp not found, will not use a pak cache.
[2019.05.21-04.33.02:267][  0]LogDerivedDataCache: Unable to find inner node CompressedPak for hierarchical cache Hierarchy.
[2019.05.21-04.33.02:287][  0]LogDerivedDataCache: Display: Pak cache opened for reading ../../../Engine/DerivedDataCache/Compressed.ddp.
[2019.05.21-04.33.02:287][  0]LogDerivedDataCache: FDerivedDataBackendGraph:  EnterprisePak pak cache file ../../../Enterprise/DerivedDataCache/Compressed.ddp not found, will not use a pak cache.
[2019.05.21-04.33.02:287][  0]LogDerivedDataCache: Unable to find inner node EnterprisePak for hierarchical cache Hierarchy.
[2019.05.21-04.33.02:299][  0]LogDerivedDataCache: Using Local data cache path C:/Users/Dylan/AppData/Local/UnrealEngine/Common/DerivedDataCache: Writable
[2019.05.21-04.33.02:299][  0]LogDerivedDataCache: Shared data cache path not found in *engine.ini, will not use an Shared cache.
[2019.05.21-04.33.02:299][  0]LogDerivedDataCache: Unable to find inner node Shared for hierarchical cache Hierarchy.
[2019.05.21-04.33.02:332][  0]LogMaterial: Verifying Global Shaders for PCD3D_SM5
[2019.05.21-04.33.02:334][  0]LogSlate: Using FreeType 2.6.0
[2019.05.21-04.33.02:335][  0]LogSlate: SlateFontServices - WITH_FREETYPE: 1, WITH_HARFBUZZ: 1
[2019.05.21-04.33.02:453][  0]LogAssetRegistry: FAssetRegistry took 0.0389 seconds to start up
[2019.05.21-04.33.02:966][  0]LogInit: Selected Device Profile: [Windows]
[2019.05.21-04.33.03:176][  0]LogSimplygon: Simplygon DLL not present - disabling.
[2019.05.21-04.33.03:183][  0]LogMeshReduction: Using SimplygonSwarm for distributed automatic mesh merging
[2019.05.21-04.33.03:183][  0]LogMeshReduction: Using ProxyLODMeshReduction for automatic mesh merging
[2019.05.21-04.33.03:183][  0]LogMeshReduction: Using QuadricMeshReduction for automatic static mesh reduction
[2019.05.21-04.33.03:183][  0]LogMeshReduction: No automatic skeletal mesh reduction module available
[2019.05.21-04.33.03:215][  0]LogNetVersion: GitHubProject 1.0.0, NetCL: 4541578, EngineNetVer: 5, GameNetVer: 0 (Checksum: 3539234241)
[2019.05.21-04.33.03:934][  0]LogPackageLocalizationCache: Processed 11 localized package path(s) for 2 prioritized culture(s) in 0.081670 seconds
[2019.05.21-04.33.03:941][  0]LogUObjectArray: 39775 objects as part of root set at end of initial load.
[2019.05.21-04.33.03:941][  0]LogUObjectAllocator: 6914656 out of 0 bytes used by permanent object pool.
[2019.05.21-04.33.03:941][  0]LogUObjectArray: CloseDisregardForGC: 0/0 objects in disregard for GC pool
[2019.05.21-04.33.05:297][  0]LogTcpMessaging: Initializing TcpMessaging bridge
[2019.05.21-04.33.05:320][  0]LogUdpMessaging: Initializing bridge on interface 0.0.0.0:0 to multicast group 230.0.0.1:6666.
[2019.05.21-04.33.06:363][  0]SourceControl: Source control is disabled
[2019.05.21-04.33.06:364][  0]SourceControl: Source control is disabled
[2019.05.21-04.33.06:365][  0]SourceControl: Source control is disabled
[2019.05.21-04.33.06:367][  0]SourceControl: Source control is disabled
[2019.05.21-04.33.06:577][  0]LogAndroidPermission: UAndroidPermissionCallbackProxy::GetInstance
[2019.05.21-04.33.06:720][  0]LogOcInput: OculusInput pre-init called
[2019.05.21-04.33.06:906][  0]LogEngine: Initializing Engine...
[2019.05.21-04.33.06:908][  0]LogHMD: Failed to initialize OpenVR with code 110
[2019.05.21-04.33.06:910][  0]LogStats: UGameplayTagsManager::ConstructGameplayTagTree: ImportINI prefixes -  0.000 s
[2019.05.21-04.33.06:910][  0]LogStats: UGameplayTagsManager::ConstructGameplayTagTree: Construct from data asset -  0.000 s
[2019.05.21-04.33.06:910][  0]LogStats: UGameplayTagsManager::ConstructGameplayTagTree: ImportINI -  0.000 s
[2019.05.21-04.33.06:910][  0]LogStats: UGameplayTagsManager::ConstructGameplayTagTree: GameplayTagTreeChangedEvent.Broadcast -  0.000 s
[2019.05.21-04.33.07:245][  0]LogInit: Initializing FReadOnlyCVARCache
[2019.05.21-04.33.07:274][  0]LogAIModule: Creating AISystem for world Untitled
[2019.05.21-04.33.07:417][  0]LogInit: XAudio2 using 'Speakers (Realtek High Definition Audio)' : 2 channels at 48 kHz using 32 bits per sample (channel mask 0x3)
[2019.05.21-04.33.07:487][  0]LogInit: FAudioDevice initialized.
[2019.05.21-04.33.07:487][  0]LogNetVersion: Set ProjectVersion to 1.0.0.0. Version Checksum will be recalculated on next use.
[2019.05.21-04.33.07:727][  0]LogDerivedDataCache: Saved boot cache 0.24s 86MB C:/Users/Dylan/AppData/Local/UnrealEngine/4.21/DerivedDataCache/Boot.ddc.
[2019.05.21-04.33.07:729][  0]LogInit: Texture streaming: Enabled
[2019.05.21-04.33.07:766][  0]LogEngineSessionManager: EngineSessionManager initialized
[2019.05.21-04.33.07:818][  0]LogInit: Transaction tracking system initialized
[2019.05.21-04.33.07:871][  0]BlueprintLog: New page: Editor Load
[2019.05.21-04.33.08:081][  0]LocalizationService: Localization service is disabled
[2019.05.21-04.33.08:739][  0]LogFileCache: Scanning file cache for directory 'G:/SummerAssetPipe/GitHubProject/Content/' took 0.01s
[2019.05.21-04.33.08:739][  0]LogCook: Display: Max memory allowance for cook 16384mb min free memory 0mb
[2019.05.21-04.33.08:739][  0]LogCook: Display: Mobile HDR setting 1
[2019.05.21-04.33.08:740][  0]LogGameplayTags: Display: UGameplayTagsManager::DoneAddingNativeTags. DelegateIsBound: 0
[2019.05.21-04.33.08:740][  0]LogStats: UGameplayTagsManager::ConstructGameplayTagTree: ImportINI prefixes -  0.000 s
[2019.05.21-04.33.08:740][  0]LogStats: UGameplayTagsManager::ConstructGameplayTagTree: Construct from data asset -  0.000 s
[2019.05.21-04.33.08:740][  0]LogStats: UGameplayTagsManager::ConstructGameplayTagTree: ImportINI -  0.000 s
[2019.05.21-04.33.08:741][  0]LogStats: UGameplayTagsManager::ConstructGameplayTagTree: GameplayTagTreeChangedEvent.Broadcast -  0.000 s
[2019.05.21-04.33.08:974][  0]SourceControl: Source control is disabled
[2019.05.21-04.33.08:974][  0]Cmd: MAP LOAD FILE="../../../Engine/Content/Maps/Templates/Template_Default.umap" TEMPLATE=1 SHOWPROGRESS=1 FEATURELEVEL=3
[2019.05.21-04.33.08:975][  0]LightingResults: New page: Lighting Build
[2019.05.21-04.33.08:981][  0]MapCheck: New page: Map Check
[2019.05.21-04.33.08:981][  0]LightingResults: New page: Lighting Build
[2019.05.21-04.33.09:303][  0]LogAIModule: Creating AISystem for world Untitled_1
[2019.05.21-04.33.09:312][  0]LogEditorServer: Finished looking for orphan Actors (0.000 secs)
[2019.05.21-04.33.09:394][  0]Cmd: MAP CHECKDEP NOCLEARLOG
[2019.05.21-04.33.09:394][  0]MapCheck: Map check complete: 0 Error(s), 0 Warning(s), took 0.154ms to complete.
[2019.05.21-04.33.09:394][  0]LogFileHelpers: Loading map 'Template_Default' took 0.420
[2019.05.21-04.33.09:618][  0]LogSlate: Updating window title bar state: overlay mode, drag disabled, window buttons hidden, title bar hidden
[2019.05.21-04.33.09:629][  0]LogSlate: Updating window title bar state: overlay mode, drag disabled, window buttons hidden, title bar hidden
[2019.05.21-04.33.09:638][  0]LogSlate: Updating window title bar state: overlay mode, drag disabled, window buttons hidden, title bar hidden
[2019.05.21-04.33.09:647][  0]LogSlate: Updating window title bar state: overlay mode, drag disabled, window buttons hidden, title bar hidden
[2019.05.21-04.33.09:658][  0]LogCollectionManager: Loaded 0 collections in 0.003358 seconds
[2019.05.21-04.33.09:709][  0]LogFileCache: Scanning file cache for directory 'G:/SummerAssetPipe/GitHubProject/Saved/Collections/' took 0.01s
[2019.05.21-04.33.09:709][  0]LogFileCache: Scanning file cache for directory 'G:/SummerAssetPipe/GitHubProject/Content/Developers/Dylan/Collections/' took 0.01s
[2019.05.21-04.33.09:709][  0]LogFileCache: Scanning file cache for directory 'G:/SummerAssetPipe/GitHubProject/Content/Collections/' took 0.01s
[2019.05.21-04.33.09:710][  0]LogCollectionManager: Rebuilt the GUID cache for 0 collections in 0.000001 seconds
[2019.05.21-04.33.09:724][  0]LogContentBrowser: Native class hierarchy populated in 0.0141 seconds. Added 2651 classes and 620 folders.
[2019.05.21-04.33.09:735][  0]LogContentBrowser: Native class hierarchy updated for 'WidgetCarousel' in 0.0004 seconds. Added 0 classes and 0 folders.
[2019.05.21-04.33.09:742][  0]LogPakFile: Registered encryption key '00000000000000000000000000000000': 0 pak files mounted, 0 remain pending
[2019.05.21-04.33.09:745][  0]LogPakFile: Registered encryption key '00000000000000000000000000000000': 0 pak files mounted, 0 remain pending
[2019.05.21-04.33.09:747][  0]LogPakFile: Registered encryption key '00000000000000000000000000000000': 0 pak files mounted, 0 remain pending
[2019.05.21-04.33.09:749][  0]LogPakFile: Registered encryption key '00000000000000000000000000000000': 0 pak files mounted, 0 remain pending
[2019.05.21-04.33.09:750][  0]LogPakFile: Registered encryption key '00000000000000000000000000000000': 0 pak files mounted, 0 remain pending
[2019.05.21-04.33.09:752][  0]LogPakFile: Registered encryption key '00000000000000000000000000000000': 0 pak files mounted, 0 remain pending
[2019.05.21-04.33.09:754][  0]LogPakFile: Registered encryption key '00000000000000000000000000000000': 0 pak files mounted, 0 remain pending
[2019.05.21-04.33.09:755][  0]LogPakFile: Registered encryption key '00000000000000000000000000000000': 0 pak files mounted, 0 remain pending
[2019.05.21-04.33.09:757][  0]LogPakFile: Registered encryption key '00000000000000000000000000000000': 0 pak files mounted, 0 remain pending
[2019.05.21-04.33.09:759][  0]LogPakFile: Registered encryption key '00000000000000000000000000000000': 0 pak files mounted, 0 remain pending
[2019.05.21-04.33.09:761][  0]LogPakFile: Registered encryption key '00000000000000000000000000000000': 0 pak files mounted, 0 remain pending
[2019.05.21-04.33.09:763][  0]LogPakFile: Registered encryption key '00000000000000000000000000000000': 0 pak files mounted, 0 remain pending
[2019.05.21-04.33.09:765][  0]LogPakFile: Registered encryption key '00000000000000000000000000000000': 0 pak files mounted, 0 remain pending
[2019.05.21-04.33.09:767][  0]LogPakFile: Registered encryption key '00000000000000000000000000000000': 0 pak files mounted, 0 remain pending
[2019.05.21-04.33.09:769][  0]LogPakFile: Registered encryption key '00000000000000000000000000000000': 0 pak files mounted, 0 remain pending
[2019.05.21-04.33.09:770][  0]LogPakFile: Registered encryption key '00000000000000000000000000000000': 0 pak files mounted, 0 remain pending
[2019.05.21-04.33.09:772][  0]LogPakFile: Registered encryption key '00000000000000000000000000000000': 0 pak files mounted, 0 remain pending
[2019.05.21-04.33.09:774][  0]LogPakFile: Registered encryption key '00000000000000000000000000000000': 0 pak files mounted, 0 remain pending
[2019.05.21-04.33.09:775][  0]LogPakFile: Registered encryption key '00000000000000000000000000000000': 0 pak files mounted, 0 remain pending
[2019.05.21-04.33.09:777][  0]LogPakFile: Registered encryption key '00000000000000000000000000000000': 0 pak files mounted, 0 remain pending
[2019.05.21-04.33.09:780][  0]LogPakFile: Registered encryption key '00000000000000000000000000000000': 0 pak files mounted, 0 remain pending
[2019.05.21-04.33.09:782][  0]LogPakFile: Registered encryption key '00000000000000000000000000000000': 0 pak files mounted, 0 remain pending
[2019.05.21-04.33.09:784][  0]LogPakFile: Registered encryption key '00000000000000000000000000000000': 0 pak files mounted, 0 remain pending
[2019.05.21-04.33.09:786][  0]LogPakFile: Registered encryption key '00000000000000000000000000000000': 0 pak files mounted, 0 remain pending
[2019.05.21-04.33.09:788][  0]LogPakFile: Registered encryption key '00000000000000000000000000000000': 0 pak files mounted, 0 remain pending
[2019.05.21-04.33.09:791][  0]LogPakFile: Registered encryption key '00000000000000000000000000000000': 0 pak files mounted, 0 remain pending
[2019.05.21-04.33.09:894][  0]LogContentBrowser: Native class hierarchy updated for 'AddContentDialog' in 0.0003 seconds. Added 0 classes and 0 folders.
[2019.05.21-04.33.09:921][  0]LogContentBrowser: Native class hierarchy updated for 'SceneOutliner' in 0.0004 seconds. Added 1 classes and 2 folders.
[2019.05.21-04.33.09:970][  0]LogSlate: Took 0.000326 seconds to synchronously load lazily loaded font '../../../Engine/Content/Slate/Fonts/Roboto-Regular.ttf' (155K)
[2019.05.21-04.33.09:973][  0]LogSlate: Took 0.000243 seconds to synchronously load lazily loaded font '../../../Engine/Content/Slate/Fonts/Roboto-Bold.ttf' (160K)
[2019.05.21-04.33.09:984][  0]LogSlate: Took 0.001724 seconds to synchronously load lazily loaded font '../../../Engine/Content/Editor/Slate/Fonts/FontAwesome.ttf' (139K)
[2019.05.21-04.33.10:104][  0]LogRenderer: Reallocating scene render targets to support 1208x576 Format 10 NumSamples 1 (Frame:1).
[2019.05.21-04.33.10:284][  0]LogSlate: FSceneViewport::OnFocusLost() reason 2
[2019.05.21-04.33.10:313][  0]LogSlate: Window 'Tutorials' being destroyed
[2019.05.21-04.33.10:372][  0]LogContentBrowser: Native class hierarchy updated for 'HierarchicalLODOutliner' in 0.0004 seconds. Added 0 classes and 0 folders.
[2019.05.21-04.33.10:372][  0]LogLoad: (Engine Initialization) Total time: 14.33 seconds
[2019.05.21-04.33.10:372][  0]LogLoad: (Engine Initialization) Total Blueprint compile time: 0.00 seconds
[2019.05.21-04.33.10:398][  0]LogSlate: FSceneViewport::OnFocusLost() reason 0
[2019.05.21-04.33.10:398][  0]LogWindowsTextInputMethodSystem: Display: IME system now deactivated.
[2019.05.21-04.33.10:454][  0]LogContentStreaming: Texture pool size now 1000 MB
[2019.05.21-04.33.10:568][  2]LogAssetRegistry: Asset discovery search completed in 8.1382 seconds
[2019.05.21-04.33.10:570][  2]LogCollectionManager: Rebuilt the object cache for 0 collections in 0.000000 seconds (found 0 objects)
[2019.05.21-04.33.10:570][  2]LogCollectionManager: Fixed up redirectors for 0 collections in 0.000054 seconds (updated 0 objects)
[2019.05.21-04.33.43:021][416]LogSlate: FSceneViewport::OnFocusLost() reason 0
[2019.05.21-04.33.46:541][807]LogEditorViewport: Clicking on Actor (LMB): StaticMeshActor (Floor)
[2019.05.21-04.33.49:915][176]LogSlate: FSceneViewport::OnFocusLost() reason 0
[2019.05.21-04.33.51:811][391]LogEditorViewport: Clicking Background
[2019.05.21-04.34.02:392][582]LogSlate: FSceneViewport::OnFocusLost() reason 0
[2019.05.21-04.34.02:471][590]LogMaterial: Display: Missing cached shader map for material LayerVisMaterial, compiling. 
[2019.05.21-04.34.02:509][590]LogShaderCompilers: Display: Shaders left to compile 8
[2019.05.21-04.34.02:509][590]LogMaterial: Display: Missing cached shader map for material SelectBrushMaterial, compiling. 
[2019.05.21-04.34.02:545][590]LogShaderCompilers: Display: Shaders left to compile 20
[2019.05.21-04.34.02:545][590]LogShaderCompilers: Display: Shaders left to compile 10
[2019.05.21-04.34.02:545][590]LogMaterial: Display: Missing cached shader map for material SelectBrushMaterial, compiling. 
[2019.05.21-04.34.02:592][590]LogShaderCompilers: Display: Shaders left to compile 20
[2019.05.21-04.34.02:592][590]LogMaterial: Display: Missing cached shader map for material MaskBrushMaterial, compiling. 
[2019.05.21-04.34.02:658][590]LogMaterial: Display: Missing cached shader map for material LandscapeLayerUsageMaterial, compiling. 
[2019.05.21-04.34.02:734][590]LogMaterial: Display: Missing cached shader map for material CircleBrushMaterial, compiling. 
[2019.05.21-04.34.02:760][590]LogMaterial: Display: Missing cached shader map for material CircleBrushMaterial, compiling. 
[2019.05.21-04.34.02:793][590]LogMaterial: Display: Missing cached shader map for material CircleBrushMaterial, compiling. 
[2019.05.21-04.34.02:822][590]LogMaterial: Display: Missing cached shader map for material CircleBrushMaterial, compiling. 
[2019.05.21-04.34.02:859][590]LogMaterial: Display: Missing cached shader map for material AlphaBrushMaterial, compiling. 
[2019.05.21-04.34.02:888][590]LogMaterial: Display: Missing cached shader map for material CircleBrushMaterial, compiling. 
[2019.05.21-04.34.02:919][590]LogMaterial: Display: Missing cached shader map for material MaskBrushMaterial, compiling. 
[2019.05.21-04.34.02:946][590]LogTexture: Display: Building textures: Texture2D_2 (G8, 128X128)
[2019.05.21-04.34.05:967][843]LogShaderCompilers: Display: Shaders left to compile 178
[2019.05.21-04.34.07:118][948]LogShaderCompilers: Display: Shaders left to compile 168
[2019.05.21-04.34.07:181][951]LogShaderCompilers: Display: Shaders left to compile 158
[2019.05.21-04.34.07:274][957]LogShaderCompilers: Display: Shaders left to compile 148
[2019.05.21-04.34.10:075][199]LogShaderCompilers: Display: Shaders left to compile 138
[2019.05.21-04.34.11:230][286]LogShaderCompilers: Display: Shaders left to compile 128
[2019.05.21-04.34.11:596][317]LogShaderCompilers: Display: Shaders left to compile 118
[2019.05.21-04.34.11:618][318]LogShaderCompilers: Display: Shaders left to compile 108
[2019.05.21-04.34.14:643][587]LogShaderCompilers: Display: Shaders left to compile 98
[2019.05.21-04.34.15:953][714]LogShaderCompilers: Display: Shaders left to compile 88
[2019.05.21-04.34.15:976][716]LogShaderCompilers: Display: Shaders left to compile 78
[2019.05.21-04.34.16:050][724]LogShaderCompilers: Display: Shaders left to compile 68
[2019.05.21-04.34.18:836][972]LogShaderCompilers: Display: Shaders left to compile 58
[2019.05.21-04.34.20:162][ 99]LogShaderCompilers: Display: Shaders left to compile 48
[2019.05.21-04.34.20:236][106]LogShaderCompilers: Display: Shaders left to compile 38
[2019.05.21-04.34.20:279][111]LogShaderCompilers: Display: Shaders left to compile 28
[2019.05.21-04.34.23:017][340]LogShaderCompilers: Display: Shaders left to compile 18
[2019.05.21-04.34.23:908][399]LogSlate: FSceneViewport::OnFocusLost() reason 0
[2019.05.21-04.34.24:190][427]LogShaderCompilers: Display: Shaders left to compile 8
[2019.05.21-04.34.48:421][120]LogSlate: FSceneViewport::OnFocusLost() reason 0
[2019.05.21-04.34.55:591][931]LogSlate: FSceneViewport::OnFocusLost() reason 0
[2019.05.21-04.34.57:002][ 39]Cmd: BRUSH ADD SELECTNEWBRUSH
[2019.05.21-04.36.10:155][125]Cmd: TRANSACTION UNDO
[2019.05.21-04.36.10:155][125]LogEditorTransaction: Undo Scale Actors
[2019.05.21-04.36.10:181][125]LogSlate: Took 0.000332 seconds to synchronously load lazily loaded font '../../../Engine/Content/Slate/Fonts/Roboto-Light.ttf' (167K)
[2019.05.21-04.36.10:517][150]Cmd: TRANSACTION UNDO
[2019.05.21-04.36.10:517][150]LogEditorTransaction: Undo Scale Actors
[2019.05.21-04.36.30:145][299]LogSlate: FSceneViewport::OnFocusLost() reason 2
[2019.05.21-04.36.30:913][387]LogEditorViewport: Clicking Background
[2019.05.21-04.36.57:223][234]LogSlate: FSceneViewport::OnFocusLost() reason 0
[2019.05.21-04.37.09:025][482]LogSlate: FSceneViewport::OnFocusLost() reason 0
[2019.05.21-04.37.21:977][967]Cmd: TRANSACTION UNDO
[2019.05.21-04.37.21:977][967]LogEditorTransaction: Undo Set Scale
[2019.05.21-04.37.28:491][663]Cmd: TRANSACTION UNDO
[2019.05.21-04.37.28:491][663]LogEditorTransaction: Undo Set Scale
[2019.05.21-04.37.36:555][523]LogEditorViewport: Clicking Background
[2019.05.21-04.37.50:874][193]LogSlate: FSceneViewport::OnFocusLost() reason 0
[2019.05.21-04.37.54:162][502]Cmd: BRUSH ADD SELECTNEWBRUSH
[2019.05.21-04.37.56:732][752]LogSlate: FSceneViewport::OnFocusLost() reason 0
[2019.05.21-04.38.25:006][923]LogSlate: FSceneViewport::OnFocusLost() reason 0
[2019.05.21-04.38.54:247][259]Cmd: TRANSACTION UNDO
[2019.05.21-04.38.54:247][259]LogEditorTransaction: Undo Move Actors
[2019.05.21-04.38.59:184][811]LogSlate: FSceneViewport::OnFocusLost() reason 2
[2019.05.21-04.39.37:869][945]LogEditorViewport: Clicking Background
[2019.05.21-04.39.40:191][203]LogSlate: FSceneViewport::OnFocusLost() reason 0
[2019.05.21-04.40.12:573][721]LogEditorViewport: Clicking Background
[2019.05.21-04.40.20:160][557]LogSlate: FSceneViewport::OnFocusLost() reason 0
[2019.05.21-04.40.40:791][729]LogSlate: FSceneViewport::OnFocusLost() reason 0
[2019.05.21-04.40.42:553][851]Cmd: BRUSH ADD SELECTNEWBRUSH
[2019.05.21-04.40.45:008][121]LogSlate: FSceneViewport::OnFocusLost() reason 0
[2019.05.21-04.40.57:629][543]LogSlate: FSceneViewport::OnFocusLost() reason 0
[2019.05.21-04.41.16:919][639]LogEditorViewport: Clicking on Actor (LMB): Brush (Box Brush16)
[2019.05.21-04.42.45:576][193]Cmd: TRANSACTION UNDO
[2019.05.21-04.42.45:576][193]LogEditorTransaction: Undo Move Actors
[2019.05.21-04.43.27:221][662]LogSlate: FSceneViewport::OnFocusLost() reason 0
[2019.05.21-04.44.11:397][184]Cmd: TRANSACTION UNDO
[2019.05.21-04.44.11:397][184]LogEditorTransaction: Undo Rotate Actors
[2019.05.21-04.44.59:801][369]LogSlate: FSceneViewport::OnFocusLost() reason 2
[2019.05.21-04.45.14:074][996]LogSlate: FSceneViewport::OnFocusLost() reason 0
[2019.05.21-04.45.27:954][585]LogSlate: FSceneViewport::OnFocusLost() reason 0
[2019.05.21-04.45.35:182][441]Cmd: TRANSACTION UNDO
[2019.05.21-04.45.35:182][441]LogEditorTransaction: Undo Set Scale
[2019.05.21-04.45.37:760][720]LogEditorViewport: Clicking Background
[2019.05.21-04.45.43:583][346]LogSlate: FSceneViewport::OnFocusLost() reason 0
[2019.05.21-04.46.00:023][188]LogSlate: FSceneViewport::OnFocusLost() reason 0
[2019.05.21-04.46.02:950][520]LogEditorViewport: Clicking Background
[2019.05.21-04.46.21:100][414]LogSlate: FSceneViewport::OnFocusLost() reason 0
[2019.05.21-04.46.27:904][177]LogSlate: FSceneViewport::OnFocusLost() reason 0
[2019.05.21-04.46.34:717][952]LogSlate: FSceneViewport::OnFocusLost() reason 0
[2019.05.21-04.47.08:416][360]Cmd: TRANSACTION UNDO
[2019.05.21-04.47.08:416][360]LogEditorTransaction: Undo Move Actors
[2019.05.21-04.47.09:610][470]LogEditorViewport: Clicking Background
[2019.05.21-04.47.38:499][816]LogSlate: FSceneViewport::OnFocusLost() reason 0
[2019.05.21-04.47.43:921][412]LogSlate: FSceneViewport::OnFocusLost() reason 0
[2019.05.21-04.48.08:329][100]LogSlate: FSceneViewport::OnFocusLost() reason 0
[2019.05.21-04.48.47:570][849]LogEditorViewport: Clicking on Actor (LMB): Brush (Box Brush31)
[2019.05.21-04.48.58:005][910]LogSlate: FSceneViewport::OnFocusLost() reason 2
[2019.05.21-04.49.14:303][910]LogSlate: Window 'Save Level As' being destroyed
[2019.05.21-04.49.14:351][910]LogSlate: FSceneViewport::OnFocusLost() reason 2
[2019.05.21-04.49.14:491][910]Cmd: OBJ SAVEPACKAGE PACKAGE="/Game/CathedralWB" FILE="G:/SummerAssetPipe/GitHubProject/Content/CathedralWB.umap" SILENT=true AUTOSAVING=false KEEPDIRTY=false
[2019.05.21-04.49.15:028][910]LogSavePackage: Moving 'G:/SummerAssetPipe/GitHubProject/Saved/CathedralWBD36C4F5445DC4CAB8A10979CEB639164.tmp' to 'G:/SummerAssetPipe/GitHubProject/Content/CathedralWB.umap'
[2019.05.21-04.49.15:060][910]Cmd: OBJ SAVEPACKAGE PACKAGE="/Game/CathedralWB_BuiltData" FILE="G:/SummerAssetPipe/GitHubProject/Content/CathedralWB_BuiltData.uasset" SILENT=true
[2019.05.21-04.49.15:074][910]LogSavePackage: Moving 'G:/SummerAssetPipe/GitHubProject/Saved/CathedralWB_BuiltDataBEDEDDB44768589B40B97789B21919D1.tmp' to 'G:/SummerAssetPipe/GitHubProject/Content/CathedralWB_BuiltData.uasset'
[2019.05.21-04.49.15:095][910]LogFileHelpers: Saving map 'CathedralWB' took 0.765
[2019.05.21-04.49.15:211][921]LogSlate: Took 0.000317 seconds to synchronously load lazily loaded font '../../../Engine/Content/Slate/Fonts/Roboto-Light.ttf' (167K)
